<?xml version="1.0" encoding="UTF-8"?>
<!-- Generated by org.testng.reporters.JUnitReportReporter -->
<testsuite skipped="0" hostname="DESKTOP-CLJ0B7T" name="testngPackage.FirstTestNGFile" tests="1" failures="0" timestamp="2021-03-30T08:40:46 IST" time="0.198" errors="0">
  <testcase name="verifyHomepageTitle" time="0.198" classname="testngPackage.FirstTestNGFile"/>
  <system-out/>
</testsuite> <!-- testngPackage.FirstTestNGFile -->
